<?xml version="1.0" encoding="utf-8"?><testsuites><testsuite name="pytest" errors="0" failures="0" skipped="0" tests="5" time="0.232" timestamp="2024-04-12T14:50:29.523034" hostname="DESKTOP-VOVF6H3"><testcase classname="tests.test_bytebank.TestClass" name="test_quando_idade_recebe_13_03_200_deve_retornar_22" time="0.009" /><testcase classname="tests.test_bytebank.TestClass" name="test_quando_sobrenome_recebe_lucas_vieira_deve_retornar_vieira" time="0.002" /><testcase classname="tests.test_bytebank.TestClass" name="test_decrescimo_salario_recebe_100000_deve_retornar_90000" time="0.002" /><testcase classname="tests.test_bytebank.TestClass" name="test_quando_calcular_bonus_recebe_1000_deve_retornar_100" time="0.002" /><testcase classname="tests.test_bytebank.TestClass" name="test_quando_calcular_bonus_recebe_1000000_deve_retornar_exception" time="0.005" /></testsuite></testsuites>